This is pdfTeX, Version 3.14159265-2.6-1.40.17 (TeX Live 2016/Debian) (preloaded format=latex 2017.7.5)  25 OCT 2018 09:34
entering extended mode
 restricted \write18 enabled.
 %&-line parsing enabled.
**ieee
(./ieee.tex
LaTeX2e <2017/01/01> patch level 3
Babel <3.9r> and hyphenation patterns for 5 language(s) loaded.
(/usr/share/texlive/texmf-dist/tex/latex/base/latex209.def
File: latex209.def 2015/02/22 v0.53 Standard LaTeX file


          Entering LaTeX 2.09 COMPATIBILITY MODE
 *************************************************************
    !!WARNING!!    !!WARNING!!    !!WARNING!!    !!WARNING!!   
 
 This mode attempts to provide an emulation of the LaTeX 2.09
 author environment so that OLD documents can be successfully
 processed. It should NOT be used for NEW documents!
 
 New documents should use Standard LaTeX conventions and start
 with the \documentclass command.
 
 Compatibility mode is UNLIKELY TO WORK with LaTeX 2.09 style
 files that change any internal macros, especially not with
 those that change the FONT SELECTION or OUTPUT ROUTINES.
 
 Therefore such style files MUST BE UPDATED to use
          Current Standard LaTeX: LaTeX2e.
 If you suspect that you may be using such a style file, which
 is probably very, very old by now, then you should attempt to
 get it updated by sending a copy of this error message to the
 author of that file.
 *************************************************************

\footheight=\dimen102
\@maxsep=\dimen103
\@dblmaxsep=\dimen104
\@cla=\count79
\@clb=\count80
\mscount=\count81
(/usr/share/texlive/texmf-dist/tex/latex/base/tracefnt.sty
Package: tracefnt 2015/02/21 v3.0k Standard LaTeX package (font tracing)
\tracingfonts=\count82
LaTeX Info: Redefining \selectfont on input line 106.
)
\symbold=\mathgroup4
\symsans=\mathgroup5
\symtypewriter=\mathgroup6
\symitalic=\mathgroup7
\symsmallcaps=\mathgroup8
\symslanted=\mathgroup9
LaTeX Font Info:    Redeclaring math alphabet \mathbf on input line 268.
LaTeX Font Info:    Redeclaring math alphabet \mathsf on input line 269.
LaTeX Font Info:    Redeclaring math alphabet \mathtt on input line 270.
LaTeX Font Info:    Redeclaring math alphabet \mathit on input line 276.
LaTeX Info: Redefining \em on input line 286.

(/usr/share/texlive/texmf-dist/tex/latex/base/latexsym.sty
Package: latexsym 1998/08/17 v2.2e Standard LaTeX package (lasy symbols)
\symlasy=\mathgroup10
LaTeX Font Info:    Overwriting symbol font `lasy' in version `bold'
(Font)                  U/lasy/m/n --> U/lasy/b/n on input line 52.
)
LaTeX Font Info:    Redeclaring math delimiter \lgroup on input line 332.
LaTeX Font Info:    Redeclaring math delimiter \rgroup on input line 334.
LaTeX Font Info:    Redeclaring math delimiter \bracevert on input line 336.
)
(/usr/share/texlive/texmf-dist/tex/latex/base/article.cls
Document Class: article 2014/09/29 v1.4h Standard LaTeX document class
(/usr/share/texlive/texmf-dist/tex/latex/base/size11.clo
File: size11.clo 2014/09/29 v1.4h Standard LaTeX file (size option)
)
\c@part=\count83
\c@section=\count84
\c@subsection=\count85
\c@subsubsection=\count86
\c@paragraph=\count87
\c@subparagraph=\count88
\c@figure=\count89
\c@table=\count90
\abovecaptionskip=\skip41
\belowcaptionskip=\skip42
Compatibility mode: definition of \rm ignored.
Compatibility mode: definition of \sf ignored.
Compatibility mode: definition of \tt ignored.
Compatibility mode: definition of \bf ignored.
Compatibility mode: definition of \it ignored.
Compatibility mode: definition of \sl ignored.
Compatibility mode: definition of \sc ignored.
LaTeX Info: Redefining \cal on input line 496.
LaTeX Info: Redefining \mit on input line 497.
\bibindent=\dimen105
)
(/usr/share/texmf/tex/plain/misc/noweb.sty
\nwmarginglue=\dimen106
\codehsize=\dimen107
\codemargin=\dimen108
\nwdefspace=\dimen109
\equivbox=\box26
LaTeX Font Info:    External font `cmex10' loaded for size
(Font)              <10.95> on input line 79.
LaTeX Font Info:    External font `cmex10' loaded for size
(Font)              <8> on input line 79.
LaTeX Font Info:    External font `cmex10' loaded for size
(Font)              <6> on input line 79.
LaTeX Font Info:    Try loading font information for U+lasy on input line 79.

(/usr/share/texlive/texmf-dist/tex/latex/base/ulasy.fd
File: ulasy.fd 1998/08/17 v2.2e LaTeX symbol font definitions
)
\plusequivbox=\box27
\nwcodetopsep=\skip43
\nwcodepenalty=\count91
\nwbreakcodespace=\dimen110
\@original@textwidth=\dimen111
\nwcodecommentsep=\skip44
\@nwlopage=\count92
\@nwhipage=\count93
\@nwlosub=\count94
\@nwhisub=\count95
\@nwpagetemp=\count96
\@nwpagecount=\count97
\sub@page=\count98
\@nwalph@n=\count99
\nw@chunkcount=\count100
\@commacount=\count101
\nwix@counter=\count102
)
(/usr/share/texlive/texmf-dist/tex/latex/tools/multicol.sty
Package: multicol 2016/04/07 v1.8p multicolumn formatting (FMi)
\c@tracingmulticols=\count103
\mult@box=\box28
\multicol@leftmargin=\dimen112
\c@unbalance=\count104
\c@collectmore=\count105
\doublecol@number=\count106
\multicoltolerance=\count107
\multicolpretolerance=\count108
\full@width=\dimen113
\page@free=\dimen114
\premulticols=\dimen115
\postmulticols=\dimen116
\multicolsep=\skip45
\multicolbaselineskip=\skip46
\partial@page=\box29
\last@line=\box30
\maxbalancingoverflow=\dimen117
\mult@rightbox=\box31
\mult@grightbox=\box32
\mult@gfirstbox=\box33
\mult@firstbox=\box34
\@tempa=\box35
\@tempa=\box36
\@tempa=\box37
\@tempa=\box38
\@tempa=\box39
\@tempa=\box40
\@tempa=\box41
\@tempa=\box42
\@tempa=\box43
\@tempa=\box44
\@tempa=\box45
\@tempa=\box46
\@tempa=\box47
\@tempa=\box48
\@tempa=\box49
\@tempa=\box50
\@tempa=\box51
\c@columnbadness=\count109
\c@finalcolumnbadness=\count110
\last@try=\dimen118
\multicolovershoot=\dimen119
\multicolundershoot=\dimen120
\mult@nat@firstbox=\box52
\colbreak@box=\box53
\mc@col@check@num=\count111
)
No file ieee.aux.
\openout1 = `ieee.aux'.

LaTeX Font Info:    Checking defaults for OML/cmm/m/it on input line 56.
LaTeX Font Info:    ... okay on input line 56.
LaTeX Font Info:    Checking defaults for T1/cmr/m/n on input line 56.
LaTeX Font Info:    ... okay on input line 56.
LaTeX Font Info:    Checking defaults for OT1/cmr/m/n on input line 56.
LaTeX Font Info:    ... okay on input line 56.
LaTeX Font Info:    Checking defaults for OMS/cmsy/m/n on input line 56.
LaTeX Font Info:    ... okay on input line 56.
LaTeX Font Info:    Checking defaults for OMX/cmex/m/n on input line 56.
LaTeX Font Info:    ... okay on input line 56.
LaTeX Font Info:    Checking defaults for U/cmr/m/n on input line 56.
LaTeX Font Info:    ... okay on input line 56.
LaTeX Font Info:    External font `cmex10' loaded for size
(Font)              <12> on input line 58.
LaTeX Font Info:    External font `cmex10' loaded for size
(Font)              <9> on input line 58.
LaTeX Font Info:    External font `cmex10' loaded for size
(Font)              <5> on input line 58.

LaTeX Warning: Citation `knuth:literate:book' on page 1 undefined on input line
 95.


LaTeX Warning: Citation `denning:announcing' on page 1 undefined on input line 
99.


LaTeX Warning: Citation `levy:cweb' on page 1 undefined on input line 101.


LaTeX Warning: Citation `ramsey:building' on page 1 undefined on input line 101
.


LaTeX Warning: Citation `thimbleby:cweb' on page 1 undefined on input line 101.



LaTeX Warning: Citation `ramsey:literate' on page 1 undefined on input line 103
.


LaTeX Warning: Citation `sewell:weaving' undefined on input line 106.


LaTeX Warning: Reference number `sewell:weaving' on page 1 undefined on input l
ine 106.


LaTeX Warning: Citation `cvw:assessment' on page 1 undefined on input line 111.


[1

]

LaTeX Warning: Citation `knuth:web' on page 2 undefined on input line 137.


LaTeX Warning: Citation `ramsey:building' on page 2 undefined on input line 142
.

[2]

LaTeX Warning: Reference `transforms' on page 3 undefined on input line 177.

[3]

LaTeX Warning: Reference `sample-input' on page 4 undefined on input line 274.


LaTeX Warning: Citation `knuth:literate:book' undefined on input line 277.


LaTeX Warning: Reference number `knuth:literate:book' on page 4 undefined on in
put line 277.


LaTeX Warning: Reference `sample-input' on page 4 undefined on input line 277.


LaTeX Warning: Reference `noweave-output' on page 4 undefined on input line 279
.


LaTeX Warning: Reference `notangle-output' on page 4 undefined on input line 28
1.


LaTeX Warning: Reference `sample-input' on page 4 undefined on input line 337.


LaTeX Warning: Citation `ramsey:literate' on page 4 undefined on input line 371
.

[4] [5] [6] [7]

LaTeX Warning: Reference `generic-example' on page 8 undefined on input line 44
4.


LaTeX Warning: Reference `pair-list-example' on page 8 undefined on input line 
447.


LaTeX Warning: Citation `ramsey:correctness' on page 8 undefined on input line 
545.

[8] [9] [10]

LaTeX Warning: Reference `nountangle-output' on page 11 undefined on input line
 655.


LaTeX Warning: Reference `sample-input' on page 11 undefined on input line 657.



LaTeX Warning: Reference `sample-input' on page 11 undefined on input line 686.



LaTeX Warning: Reference `sample-input' on page 11 undefined on input line 686.


[11] [12]

LaTeX Warning: Citation `knuth:literate:book' on page 13 undefined on input lin
e 745.

[13]

LaTeX Warning: Citation `thimbleby:review' on page 14 undefined on input line 7
92.


LaTeX Warning: Citation `cvw:assessment' on page 14 undefined on input line 792
.


LaTeX Warning: Citation `ramsey:literate' on page 14 undefined on input line 82
0.

[14] [15]
No file ieee.bbl.
[16]
! I can't find file `wc'.
l.899 \input wc
               
(Press Enter to retry, or Control-D to exit)
Please type another input file name: null
(/usr/share/texlive/texmf-dist/tex/generic/knuth-lib/null.tex) (./ieee.aux)

LaTeX Warning: There were undefined references.


LaTeX Warning: Label(s) may have changed. Rerun to get cross-references right.

 ) 
Here is how much of TeX's memory you used:
 820 strings out of 494903
 10409 string characters out of 6179918
 70305 words of memory out of 5000000
 4144 multiletter control sequences out of 15000+600000
 21075 words of font info for 77 fonts, out of 8000000 for 9000
 36 hyphenation exceptions out of 8191
 27i,9n,21p,226b,321s stack positions out of 5000i,500n,10000p,200000b,80000s

Output written on ieee.dvi (16 pages, 42316 bytes).
